{"uid":"284728ac545a5f9a","name":"test_exporter_endpoint","fullName":"tests.integration.test_exporter#test_exporter_endpoint","historyId":"09cd1fce678fbe30fe0a320d069036b7","time":{"start":1750728960331,"stop":1750728960951,"duration":620},"description":"Test that exporter endpoint is functional.","descriptionHtml":"<p>Test that exporter endpoint is functional.</p>\n","status":"broken","statusMessage":"juju.errors.JujuAPIError: transforming slice at index 0: cannot parse name and/or revision in URL \"\": name \"\" not valid","statusTrace":"Traceback (most recent call last):\n  File \"/root/spread_project/.tox/integration/lib/python3.12/site-packages/_pytest/runner.py\", line 341, in from_call\n    result: Optional[TResult] = func()\n                                ^^^^^^\n  File \"/root/spread_project/.tox/integration/lib/python3.12/site-packages/_pytest/runner.py\", line 241, in <lambda>\n    lambda: runtest_hook(item=item, **kwds), when=when, reraise=reraise\n            ^^^^^^^^^^^^^^^^^^^^^^^^^^^^^^^\n  File \"/root/spread_project/.tox/integration/lib/python3.12/site-packages/pluggy/_hooks.py\", line 513, in __call__\n    return self._hookexec(self.name, self._hookimpls.copy(), kwargs, firstresult)\n           ^^^^^^^^^^^^^^^^^^^^^^^^^^^^^^^^^^^^^^^^^^^^^^^^^^^^^^^^^^^^^^^^^^^^^^\n  File \"/root/spread_project/.tox/integration/lib/python3.12/site-packages/pluggy/_manager.py\", line 120, in _hookexec\n    return self._inner_hookexec(hook_name, methods, kwargs, firstresult)\n           ^^^^^^^^^^^^^^^^^^^^^^^^^^^^^^^^^^^^^^^^^^^^^^^^^^^^^^^^^^^^^\n  File \"/root/spread_project/.tox/integration/lib/python3.12/site-packages/pluggy/_callers.py\", line 182, in _multicall\n    return outcome.get_result()\n           ^^^^^^^^^^^^^^^^^^^^\n  File \"/root/spread_project/.tox/integration/lib/python3.12/site-packages/pluggy/_result.py\", line 100, in get_result\n    raise exc.with_traceback(exc.__traceback__)\n  File \"/root/spread_project/.tox/integration/lib/python3.12/site-packages/pluggy/_callers.py\", line 167, in _multicall\n    teardown.throw(outcome._exception)\n  File \"/root/spread_project/.tox/integration/lib/python3.12/site-packages/_pytest/threadexception.py\", line 87, in pytest_runtest_call\n    yield from thread_exception_runtest_hook()\n  File \"/root/spread_project/.tox/integration/lib/python3.12/site-packages/_pytest/threadexception.py\", line 63, in thread_exception_runtest_hook\n    yield\n  File \"/root/spread_project/.tox/integration/lib/python3.12/site-packages/pluggy/_callers.py\", line 167, in _multicall\n    teardown.throw(outcome._exception)\n  File \"/root/spread_project/.tox/integration/lib/python3.12/site-packages/_pytest/unraisableexception.py\", line 90, in pytest_runtest_call\n    yield from unraisable_exception_runtest_hook()\n  File \"/root/spread_project/.tox/integration/lib/python3.12/site-packages/_pytest/unraisableexception.py\", line 65, in unraisable_exception_runtest_hook\n    yield\n  File \"/root/spread_project/.tox/integration/lib/python3.12/site-packages/pluggy/_callers.py\", line 167, in _multicall\n    teardown.throw(outcome._exception)\n  File \"/root/spread_project/.tox/integration/lib/python3.12/site-packages/_pytest/logging.py\", line 850, in pytest_runtest_call\n    yield from self._runtest_for(item, \"call\")\n  File \"/root/spread_project/.tox/integration/lib/python3.12/site-packages/_pytest/logging.py\", line 833, in _runtest_for\n    yield\n  File \"/root/spread_project/.tox/integration/lib/python3.12/site-packages/pluggy/_callers.py\", line 167, in _multicall\n    teardown.throw(outcome._exception)\n  File \"/root/spread_project/.tox/integration/lib/python3.12/site-packages/_pytest/capture.py\", line 878, in pytest_runtest_call\n    return (yield)\n            ^^^^^\n  File \"/root/spread_project/.tox/integration/lib/python3.12/site-packages/pluggy/_callers.py\", line 167, in _multicall\n    teardown.throw(outcome._exception)\n  File \"/root/spread_project/.tox/integration/lib/python3.12/site-packages/_pytest/skipping.py\", line 257, in pytest_runtest_call\n    return (yield)\n            ^^^^^\n  File \"/root/spread_project/.tox/integration/lib/python3.12/site-packages/pluggy/_callers.py\", line 103, in _multicall\n    res = hook_impl.function(*args)\n          ^^^^^^^^^^^^^^^^^^^^^^^^^\n  File \"/root/spread_project/.tox/integration/lib/python3.12/site-packages/_pytest/runner.py\", line 183, in pytest_runtest_call\n    raise e\n  File \"/root/spread_project/.tox/integration/lib/python3.12/site-packages/_pytest/runner.py\", line 173, in pytest_runtest_call\n    item.runtest()\n  File \"/root/spread_project/.tox/integration/lib/python3.12/site-packages/_pytest/python.py\", line 1632, in runtest\n    self.ihook.pytest_pyfunc_call(pyfuncitem=self)\n  File \"/root/spread_project/.tox/integration/lib/python3.12/site-packages/pluggy/_hooks.py\", line 513, in __call__\n    return self._hookexec(self.name, self._hookimpls.copy(), kwargs, firstresult)\n           ^^^^^^^^^^^^^^^^^^^^^^^^^^^^^^^^^^^^^^^^^^^^^^^^^^^^^^^^^^^^^^^^^^^^^^\n  File \"/root/spread_project/.tox/integration/lib/python3.12/site-packages/pluggy/_manager.py\", line 120, in _hookexec\n    return self._inner_hookexec(hook_name, methods, kwargs, firstresult)\n           ^^^^^^^^^^^^^^^^^^^^^^^^^^^^^^^^^^^^^^^^^^^^^^^^^^^^^^^^^^^^^\n  File \"/root/spread_project/.tox/integration/lib/python3.12/site-packages/pluggy/_callers.py\", line 182, in _multicall\n    return outcome.get_result()\n           ^^^^^^^^^^^^^^^^^^^^\n  File \"/root/spread_project/.tox/integration/lib/python3.12/site-packages/pluggy/_result.py\", line 100, in get_result\n    raise exc.with_traceback(exc.__traceback__)\n  File \"/root/spread_project/.tox/integration/lib/python3.12/site-packages/pluggy/_callers.py\", line 103, in _multicall\n    res = hook_impl.function(*args)\n          ^^^^^^^^^^^^^^^^^^^^^^^^^\n  File \"/root/spread_project/.tox/integration/lib/python3.12/site-packages/_pytest/python.py\", line 162, in pytest_pyfunc_call\n    result = testfunction(**testargs)\n             ^^^^^^^^^^^^^^^^^^^^^^^^\n  File \"/root/spread_project/.tox/integration/lib/python3.12/site-packages/pytest_asyncio/plugin.py\", line 529, in inner\n    _loop.run_until_complete(task)\n  File \"/usr/lib/python3.12/asyncio/base_events.py\", line 687, in run_until_complete\n    return future.result()\n           ^^^^^^^^^^^^^^^\n  File \"/root/spread_project/tests/integration/test_exporter.py\", line 36, in test_exporter_endpoint\n    applications = await asyncio.gather(\n                   ^^^^^^^^^^^^^^^^^^^^^\n  File \"/root/spread_project/.tox/integration/lib/python3.12/site-packages/juju/model.py\", line 1871, in deploy\n    res = await self.deploy_types[schema].resolve(\n          ^^^^^^^^^^^^^^^^^^^^^^^^^^^^^^^^^^^^^^^^\n  File \"/root/spread_project/.tox/integration/lib/python3.12/site-packages/juju/model.py\", line 605, in resolve\n    charm_url, origin = await self.charm_resolver(\n                        ^^^^^^^^^^^^^^^^^^^^^^^^^^\n  File \"/root/spread_project/.tox/integration/lib/python3.12/site-packages/juju/model.py\", line 2061, in _resolve_charm\n    resp = await charms_facade.ResolveCharms(\n           ^^^^^^^^^^^^^^^^^^^^^^^^^^^^^^^^^^\n  File \"/root/spread_project/.tox/integration/lib/python3.12/site-packages/juju/client/facade.py\", line 483, in wrapper\n    reply = await f(*args, **kwargs)\n            ^^^^^^^^^^^^^^^^^^^^^^^^\n  File \"/root/spread_project/.tox/integration/lib/python3.12/site-packages/juju/client/_client6.py\", line 276, in ResolveCharms\n    reply = await self.rpc(msg)\n            ^^^^^^^^^^^^^^^^^^^\n  File \"/root/spread_project/.tox/integration/lib/python3.12/site-packages/juju/client/facade.py\", line 662, in rpc\n    result = await self.connection.rpc(msg, encoder=TypeEncoder)\n             ^^^^^^^^^^^^^^^^^^^^^^^^^^^^^^^^^^^^^^^^^^^^^^^^^^^\n  File \"/root/spread_project/.tox/integration/lib/python3.12/site-packages/juju/client/connection.py\", line 597, in rpc\n    raise errors.JujuAPIError(result)\njuju.errors.JujuAPIError: transforming slice at index 0: cannot parse name and/or revision in URL \"\": name \"\" not valid","flaky":false,"newFailed":false,"newBroken":false,"newPassed":false,"retriesCount":1,"retriesStatusChange":true,"beforeStages":[{"name":"event_loop","time":{"start":1750728960220,"stop":1750728960221,"duration":1},"status":"passed","steps":[],"attachments":[],"parameters":[],"shouldDisplayMessage":false,"stepsCount":0,"attachmentsCount":0,"hasContent":false,"attachmentStep":false},{"name":"ops_test","time":{"start":1750728960221,"stop":1750728960330,"duration":109},"status":"passed","steps":[],"attachments":[],"parameters":[],"shouldDisplayMessage":false,"stepsCount":0,"attachmentsCount":0,"hasContent":false,"attachmentStep":false},{"name":"tmp_path_factory","time":{"start":1750728960221,"stop":1750728960221,"duration":0},"status":"passed","steps":[],"attachments":[],"parameters":[],"shouldDisplayMessage":false,"stepsCount":0,"attachmentsCount":0,"hasContent":false,"attachmentStep":false},{"name":"abort_on_fail","time":{"start":1750728960330,"stop":1750728960330,"duration":0},"status":"passed","steps":[],"attachments":[],"parameters":[],"shouldDisplayMessage":false,"stepsCount":0,"attachmentsCount":0,"hasContent":false,"attachmentStep":false},{"name":"charm","time":{"start":1750728960331,"stop":1750728960331,"duration":0},"status":"passed","steps":[],"attachments":[],"parameters":[],"shouldDisplayMessage":false,"stepsCount":0,"attachmentsCount":0,"hasContent":false,"attachmentStep":false},{"name":"series","time":{"start":1750728960331,"stop":1750728960331,"duration":0},"status":"passed","steps":[],"attachments":[],"parameters":[],"shouldDisplayMessage":false,"stepsCount":0,"attachmentsCount":0,"hasContent":false,"attachmentStep":false},{"name":"ubuntu_base","time":{"start":1750728960331,"stop":1750728960331,"duration":0},"status":"passed","steps":[],"attachments":[],"parameters":[],"shouldDisplayMessage":false,"stepsCount":0,"attachmentsCount":0,"hasContent":false,"attachmentStep":false}],"testStage":{"description":"Test that exporter endpoint is functional.","status":"broken","statusMessage":"juju.errors.JujuAPIError: transforming slice at index 0: cannot parse name and/or revision in URL \"\": name \"\" not valid","statusTrace":"Traceback (most recent call last):\n  File \"/root/spread_project/.tox/integration/lib/python3.12/site-packages/_pytest/runner.py\", line 341, in from_call\n    result: Optional[TResult] = func()\n                                ^^^^^^\n  File \"/root/spread_project/.tox/integration/lib/python3.12/site-packages/_pytest/runner.py\", line 241, in <lambda>\n    lambda: runtest_hook(item=item, **kwds), when=when, reraise=reraise\n            ^^^^^^^^^^^^^^^^^^^^^^^^^^^^^^^\n  File \"/root/spread_project/.tox/integration/lib/python3.12/site-packages/pluggy/_hooks.py\", line 513, in __call__\n    return self._hookexec(self.name, self._hookimpls.copy(), kwargs, firstresult)\n           ^^^^^^^^^^^^^^^^^^^^^^^^^^^^^^^^^^^^^^^^^^^^^^^^^^^^^^^^^^^^^^^^^^^^^^\n  File \"/root/spread_project/.tox/integration/lib/python3.12/site-packages/pluggy/_manager.py\", line 120, in _hookexec\n    return self._inner_hookexec(hook_name, methods, kwargs, firstresult)\n           ^^^^^^^^^^^^^^^^^^^^^^^^^^^^^^^^^^^^^^^^^^^^^^^^^^^^^^^^^^^^^\n  File \"/root/spread_project/.tox/integration/lib/python3.12/site-packages/pluggy/_callers.py\", line 182, in _multicall\n    return outcome.get_result()\n           ^^^^^^^^^^^^^^^^^^^^\n  File \"/root/spread_project/.tox/integration/lib/python3.12/site-packages/pluggy/_result.py\", line 100, in get_result\n    raise exc.with_traceback(exc.__traceback__)\n  File \"/root/spread_project/.tox/integration/lib/python3.12/site-packages/pluggy/_callers.py\", line 167, in _multicall\n    teardown.throw(outcome._exception)\n  File \"/root/spread_project/.tox/integration/lib/python3.12/site-packages/_pytest/threadexception.py\", line 87, in pytest_runtest_call\n    yield from thread_exception_runtest_hook()\n  File \"/root/spread_project/.tox/integration/lib/python3.12/site-packages/_pytest/threadexception.py\", line 63, in thread_exception_runtest_hook\n    yield\n  File \"/root/spread_project/.tox/integration/lib/python3.12/site-packages/pluggy/_callers.py\", line 167, in _multicall\n    teardown.throw(outcome._exception)\n  File \"/root/spread_project/.tox/integration/lib/python3.12/site-packages/_pytest/unraisableexception.py\", line 90, in pytest_runtest_call\n    yield from unraisable_exception_runtest_hook()\n  File \"/root/spread_project/.tox/integration/lib/python3.12/site-packages/_pytest/unraisableexception.py\", line 65, in unraisable_exception_runtest_hook\n    yield\n  File \"/root/spread_project/.tox/integration/lib/python3.12/site-packages/pluggy/_callers.py\", line 167, in _multicall\n    teardown.throw(outcome._exception)\n  File \"/root/spread_project/.tox/integration/lib/python3.12/site-packages/_pytest/logging.py\", line 850, in pytest_runtest_call\n    yield from self._runtest_for(item, \"call\")\n  File \"/root/spread_project/.tox/integration/lib/python3.12/site-packages/_pytest/logging.py\", line 833, in _runtest_for\n    yield\n  File \"/root/spread_project/.tox/integration/lib/python3.12/site-packages/pluggy/_callers.py\", line 167, in _multicall\n    teardown.throw(outcome._exception)\n  File \"/root/spread_project/.tox/integration/lib/python3.12/site-packages/_pytest/capture.py\", line 878, in pytest_runtest_call\n    return (yield)\n            ^^^^^\n  File \"/root/spread_project/.tox/integration/lib/python3.12/site-packages/pluggy/_callers.py\", line 167, in _multicall\n    teardown.throw(outcome._exception)\n  File \"/root/spread_project/.tox/integration/lib/python3.12/site-packages/_pytest/skipping.py\", line 257, in pytest_runtest_call\n    return (yield)\n            ^^^^^\n  File \"/root/spread_project/.tox/integration/lib/python3.12/site-packages/pluggy/_callers.py\", line 103, in _multicall\n    res = hook_impl.function(*args)\n          ^^^^^^^^^^^^^^^^^^^^^^^^^\n  File \"/root/spread_project/.tox/integration/lib/python3.12/site-packages/_pytest/runner.py\", line 183, in pytest_runtest_call\n    raise e\n  File \"/root/spread_project/.tox/integration/lib/python3.12/site-packages/_pytest/runner.py\", line 173, in pytest_runtest_call\n    item.runtest()\n  File \"/root/spread_project/.tox/integration/lib/python3.12/site-packages/_pytest/python.py\", line 1632, in runtest\n    self.ihook.pytest_pyfunc_call(pyfuncitem=self)\n  File \"/root/spread_project/.tox/integration/lib/python3.12/site-packages/pluggy/_hooks.py\", line 513, in __call__\n    return self._hookexec(self.name, self._hookimpls.copy(), kwargs, firstresult)\n           ^^^^^^^^^^^^^^^^^^^^^^^^^^^^^^^^^^^^^^^^^^^^^^^^^^^^^^^^^^^^^^^^^^^^^^\n  File \"/root/spread_project/.tox/integration/lib/python3.12/site-packages/pluggy/_manager.py\", line 120, in _hookexec\n    return self._inner_hookexec(hook_name, methods, kwargs, firstresult)\n           ^^^^^^^^^^^^^^^^^^^^^^^^^^^^^^^^^^^^^^^^^^^^^^^^^^^^^^^^^^^^^\n  File \"/root/spread_project/.tox/integration/lib/python3.12/site-packages/pluggy/_callers.py\", line 182, in _multicall\n    return outcome.get_result()\n           ^^^^^^^^^^^^^^^^^^^^\n  File \"/root/spread_project/.tox/integration/lib/python3.12/site-packages/pluggy/_result.py\", line 100, in get_result\n    raise exc.with_traceback(exc.__traceback__)\n  File \"/root/spread_project/.tox/integration/lib/python3.12/site-packages/pluggy/_callers.py\", line 103, in _multicall\n    res = hook_impl.function(*args)\n          ^^^^^^^^^^^^^^^^^^^^^^^^^\n  File \"/root/spread_project/.tox/integration/lib/python3.12/site-packages/_pytest/python.py\", line 162, in pytest_pyfunc_call\n    result = testfunction(**testargs)\n             ^^^^^^^^^^^^^^^^^^^^^^^^\n  File \"/root/spread_project/.tox/integration/lib/python3.12/site-packages/pytest_asyncio/plugin.py\", line 529, in inner\n    _loop.run_until_complete(task)\n  File \"/usr/lib/python3.12/asyncio/base_events.py\", line 687, in run_until_complete\n    return future.result()\n           ^^^^^^^^^^^^^^^\n  File \"/root/spread_project/tests/integration/test_exporter.py\", line 36, in test_exporter_endpoint\n    applications = await asyncio.gather(\n                   ^^^^^^^^^^^^^^^^^^^^^\n  File \"/root/spread_project/.tox/integration/lib/python3.12/site-packages/juju/model.py\", line 1871, in deploy\n    res = await self.deploy_types[schema].resolve(\n          ^^^^^^^^^^^^^^^^^^^^^^^^^^^^^^^^^^^^^^^^\n  File \"/root/spread_project/.tox/integration/lib/python3.12/site-packages/juju/model.py\", line 605, in resolve\n    charm_url, origin = await self.charm_resolver(\n                        ^^^^^^^^^^^^^^^^^^^^^^^^^^\n  File \"/root/spread_project/.tox/integration/lib/python3.12/site-packages/juju/model.py\", line 2061, in _resolve_charm\n    resp = await charms_facade.ResolveCharms(\n           ^^^^^^^^^^^^^^^^^^^^^^^^^^^^^^^^^^\n  File \"/root/spread_project/.tox/integration/lib/python3.12/site-packages/juju/client/facade.py\", line 483, in wrapper\n    reply = await f(*args, **kwargs)\n            ^^^^^^^^^^^^^^^^^^^^^^^^\n  File \"/root/spread_project/.tox/integration/lib/python3.12/site-packages/juju/client/_client6.py\", line 276, in ResolveCharms\n    reply = await self.rpc(msg)\n            ^^^^^^^^^^^^^^^^^^^\n  File \"/root/spread_project/.tox/integration/lib/python3.12/site-packages/juju/client/facade.py\", line 662, in rpc\n    result = await self.connection.rpc(msg, encoder=TypeEncoder)\n             ^^^^^^^^^^^^^^^^^^^^^^^^^^^^^^^^^^^^^^^^^^^^^^^^^^^\n  File \"/root/spread_project/.tox/integration/lib/python3.12/site-packages/juju/client/connection.py\", line 597, in rpc\n    raise errors.JujuAPIError(result)\njuju.errors.JujuAPIError: transforming slice at index 0: cannot parse name and/or revision in URL \"\": name \"\" not valid","steps":[],"attachments":[{"uid":"d988d4fbeed680de","name":"log","source":"d988d4fbeed680de.txt","type":"text/plain","size":1183}],"parameters":[],"shouldDisplayMessage":true,"stepsCount":0,"attachmentsCount":1,"hasContent":true,"attachmentStep":false},"afterStages":[{"name":"ops_test::finalizer","time":{"start":1750728960958,"stop":1750728961712,"duration":754},"status":"passed","steps":[],"attachments":[],"parameters":[],"shouldDisplayMessage":false,"stepsCount":0,"attachmentsCount":0,"hasContent":false,"attachmentStep":false},{"name":"abort_on_fail::0","time":{"start":1750728960958,"stop":1750728960958,"duration":0},"status":"passed","steps":[],"attachments":[],"parameters":[],"shouldDisplayMessage":false,"stepsCount":0,"attachmentsCount":0,"hasContent":false,"attachmentStep":false},{"name":"event_loop::2","time":{"start":1750728961713,"stop":1750728961713,"duration":0},"status":"passed","steps":[],"attachments":[],"parameters":[],"shouldDisplayMessage":false,"stepsCount":0,"attachmentsCount":0,"hasContent":false,"attachmentStep":false},{"name":"event_loop::_close_event_loop","time":{"start":1750728961713,"stop":1750728961713,"duration":0},"status":"passed","steps":[],"attachments":[],"parameters":[],"shouldDisplayMessage":false,"stepsCount":0,"attachmentsCount":0,"hasContent":false,"attachmentStep":false},{"name":"event_loop::_provide_clean_event_loop","time":{"start":1750728961713,"stop":1750728961713,"duration":0},"status":"passed","steps":[],"attachments":[],"parameters":[],"shouldDisplayMessage":false,"stepsCount":0,"attachmentsCount":0,"hasContent":false,"attachmentStep":false}],"labels":[{"name":"tag","value":"abort_on_fail"},{"name":"tag","value":"asyncio"},{"name":"parentSuite","value":"tests.integration"},{"name":"suite","value":"test_exporter"},{"name":"host","value":"fv-az1913-957"},{"name":"thread","value":"15414-MainThread"},{"name":"framework","value":"pytest"},{"name":"language","value":"cpython3"},{"name":"package","value":"tests.integration.test_exporter"},{"name":"resultFormat","value":"allure2"}],"parameters":[],"links":[],"hidden":false,"retry":false,"extra":{"severity":"normal","retries":[{"uid":"7ddda52437ef3f99","status":"unknown","time":{}}],"categories":[{"name":"Test defects","matchedStatuses":[]}],"history":{"statistic":{"failed":0,"broken":4,"skipped":0,"passed":99,"unknown":1,"total":104},"items":[{"uid":"ba5ea43569259258","reportUrl":"../2228//#testresult/ba5ea43569259258","status":"broken","statusDetails":"juju.errors.JujuAPIError: transforming slice at index 0: cannot parse name and/or revision in URL \"\": name \"\" not valid","time":{"start":1750642504259,"stop":1750642504699,"duration":440}},{"uid":"6a9c441f194dd445","reportUrl":"../2227//#testresult/6a9c441f194dd445","status":"broken","statusDetails":"juju.errors.JujuAPIError: transforming slice at index 0: cannot parse name and/or revision in URL \"\": name \"\" not valid","time":{"start":1750556321876,"stop":1750556322491,"duration":615}},{"uid":"7908eae7cd5ac1db","reportUrl":"../2226//#testresult/7908eae7cd5ac1db","status":"broken","statusDetails":"juju.errors.JujuAPIError: transforming slice at index 0: cannot parse name and/or revision in URL \"\": name \"\" not valid","time":{"start":1750469894616,"stop":1750469895194,"duration":578}},{"uid":"4f384a4cfbedc857","reportUrl":"../2225//#testresult/4f384a4cfbedc857","status":"passed","time":{"start":1750383637980,"stop":1750383848633,"duration":210653}},{"uid":"3386a3ab93c9066a","reportUrl":"../2224//#testresult/3386a3ab93c9066a","status":"passed","time":{"start":1750297227521,"stop":1750297473110,"duration":245589}},{"uid":"5dc0aae51f02e65e","reportUrl":"../2223//#testresult/5dc0aae51f02e65e","status":"passed","time":{"start":1750210791397,"stop":1750211045856,"duration":254459}},{"uid":"46c5d3de121c3aa0","reportUrl":"../2218//#testresult/46c5d3de121c3aa0","status":"passed","time":{"start":1750123924504,"stop":1750124162100,"duration":237596}},{"uid":"dd7af7eb65e05dd2","reportUrl":"../2217//#testresult/dd7af7eb65e05dd2","status":"passed","time":{"start":1750038082685,"stop":1750038315762,"duration":233077}},{"uid":"687a2edb9d162c43","reportUrl":"../2216//#testresult/687a2edb9d162c43","status":"passed","time":{"start":1749951561427,"stop":1749951796707,"duration":235280}},{"uid":"7f6cf7a839b8f6ac","reportUrl":"../2215//#testresult/7f6cf7a839b8f6ac","status":"passed","time":{"start":1749864845000,"stop":1749865095722,"duration":250722}},{"uid":"f0ba8bb59839bf2","reportUrl":"../2214//#testresult/f0ba8bb59839bf2","status":"passed","time":{"start":1749778617176,"stop":1749778847179,"duration":230003}},{"uid":"87520feba258d1f3","reportUrl":"../2213//#testresult/87520feba258d1f3","status":"passed","time":{"start":1749692404384,"stop":1749692636670,"duration":232286}},{"uid":"2393d41330dafcfc","reportUrl":"../2209//#testresult/2393d41330dafcfc","status":"passed","time":{"start":1749606018545,"stop":1749606253685,"duration":235140}},{"uid":"3bfcb94aa49d3298","reportUrl":"../2198//#testresult/3bfcb94aa49d3298","status":"passed","time":{"start":1749519766101,"stop":1749520023428,"duration":257327}},{"uid":"a34e3b4bab1578c2","reportUrl":"../2196//#testresult/a34e3b4bab1578c2","status":"passed","time":{"start":1749433297631,"stop":1749433498220,"duration":200589}},{"uid":"edb866e14c769e8f","reportUrl":"../2195//#testresult/edb866e14c769e8f","status":"passed","time":{"start":1749346823765,"stop":1749347017749,"duration":193984}},{"uid":"6e095ca6eaf41cb3","reportUrl":"../2194//#testresult/6e095ca6eaf41cb3","status":"passed","time":{"start":1749260399060,"stop":1749260592497,"duration":193437}},{"uid":"affa0726e4f0af3f","reportUrl":"../2189//#testresult/affa0726e4f0af3f","status":"passed","time":{"start":1749174021438,"stop":1749174242068,"duration":220630}},{"uid":"823252502e51acbe","reportUrl":"../2186//#testresult/823252502e51acbe","status":"passed","time":{"start":1749087593903,"stop":1749087820960,"duration":227057}},{"uid":"d276b40d544a8064","reportUrl":"../2185//#testresult/d276b40d544a8064","status":"passed","time":{"start":1749001298177,"stop":1749001522983,"duration":224806}}]},"tags":["asyncio","abort_on_fail"]},"source":"284728ac545a5f9a.json","parameterValues":[]}